app/build/intermediates/manifest_merge_blame_file/debug/manifest-merger-blame-debug-report.txt
1<?xml version="1.0" encoding="utf-8"?>
2<manifest xmlns:android="http://schemas.android.com/apk/res/android"
3    package="com.tugascb.perpustakaan"
4    android:versionCode="1"
5    android:versionName="1.0" >
6
7    <uses-sdk
8        android:minSdkVersion="16"
8-->src\main\AndroidManifest.xml
9        android:targetSdkVersion="28" />
9-->src\main\AndroidManifest.xml
10
11    <application
11-->src\main\AndroidManifest.xml:5:5-28:19
12        android:allowBackup="true"
12-->src\main\AndroidManifest.xml:6:9-35
13        android:appComponentFactory="android.support.v4.app.CoreComponentFactory"
13-->[com.android.support:support-compat:28.0.0] AndroidManifest.xml:22:18-91
14        android:debuggable="true"
15        android:icon="@mipmap/ic_launcher"
15-->src\main\AndroidManifest.xml:7:9-43
16        android:label="perpustakaan"
16-->src\main\AndroidManifest.xml:8:9-37
17        android:roundIcon="@mipmap/ic_launcher_round"
17-->src\main\AndroidManifest.xml:9:9-54
18        android:supportsRtl="true"
18-->src\main\AndroidManifest.xml:10:9-35
19        android:testOnly="true"
20        android:theme="@style/AppTheme" >
20-->src\main\AndroidManifest.xml:11:9-40
21        <activity android:name="com.tugascb.perpustakaan.MainActivity" >
21-->src\main\AndroidManifest.xml:12:9-18:20
21-->src\main\AndroidManifest.xml:12:19-71
22            <intent-filter>
22-->src\main\AndroidManifest.xml:13:13-17:29
23                <action android:name="android.intent.action.MAIN" />
23-->src\main\AndroidManifest.xml:14:17-69
23-->src\main\AndroidManifest.xml:14:25-66
24
25                <category android:name="android.intent.category.LAUNCHER" />
25-->src\main\AndroidManifest.xml:16:17-77
25-->src\main\AndroidManifest.xml:16:27-74
26            </intent-filter>
27        </activity>
28        <activity
28-->src\main\AndroidManifest.xml:19:9-21:20
29            android:name="com.tugascb.perpustakaan.BuatKontak"
29-->src\main\AndroidManifest.xml:19:19-69
30            android:label="Daftar Buku Perpustakaan" >
30-->src\main\AndroidManifest.xml:20:13-53
31        </activity>
32        <activity
32-->src\main\AndroidManifest.xml:22:9-24:20
33            android:name="com.tugascb.perpustakaan.LihatKontak"
33-->src\main\AndroidManifest.xml:22:19-70
34            android:label="Lihat Buku" >
34-->src\main\AndroidManifest.xml:23:13-39
35        </activity>
36        <activity
36-->src\main\AndroidManifest.xml:25:9-27:20
37            android:name="com.tugascb.perpustakaan.UpdateKontak"
37-->src\main\AndroidManifest.xml:25:19-71
38            android:label="Edit Buku" >
38-->src\main\AndroidManifest.xml:26:13-38
39        </activity>
40    </application>
41
42</manifest>